<?xml version="1.0" encoding="UTF-8"?>
<!-- Generated by org.testng.reporters.JUnitReportReporter -->
<testsuite hostname="shidqiadiatma" failures="0" tests="1" name="runners.testRunner" time="58.789" errors="0" timestamp="2024-02-02T21:53:51 WIB" skipped="0">
  <testcase classname="runners.testRunner" name="runScenario" time="58.789"/>
  <system-out/>
</testsuite> <!-- runners.testRunner -->
